#
# There is insufficient memory for the Java Runtime Environment to continue.
# Native memory allocation (malloc) failed to allocate 32744 bytes for ChunkPool::allocate
# Possible reasons:
#   The system is out of physical RAM or swap space
#   The process is running with CompressedOops enabled, and the Java Heap may be blocking the growth of the native heap
# Possible solutions:
#   Reduce memory load on the system
#   Increase physical memory or swap space
#   Check if swap backing store is full
#   Decrease Java heap size (-Xmx/-Xms)
#   Decrease number of Java threads
#   Decrease Java thread stack sizes (-Xss)
#   Set larger code cache with -XX:ReservedCodeCacheSize=
#   JVM is running with Zero Based Compressed Oops mode in which the Java heap is
#     placed in the first 32GB address space. The Java Heap base address is the
#     maximum limit for the native heap growth. Please use -XX:HeapBaseMinAddress
#     to set the Java Heap base and to place the Java Heap above 32GB virtual address.
# This output file may be truncated or incomplete.
#
#  Out of Memory Error (t:/workspace/open/src/hotspot/share/memory/arena.cpp:81), pid=17332, tid=11804
#
# JRE version: Java(TM) SE Runtime Environment (11.0.1+13) (build 11.0.1+13-LTS)
# Java VM: Java HotSpot(TM) 64-Bit Server VM (11.0.1+13-LTS, mixed mode, tiered, compressed oops, g1 gc, windows-amd64)
# No core dump will be written. Minidumps are not enabled by default on client versions of Windows
#

---------------  S U M M A R Y ------------

Command Line: -Dfile.encoding=UTF-8 Database.getAllPoint1

Host: Intel(R) Core(TM) i5-8250U CPU @ 1.60GHz, 8 cores, 11G,  Windows 10 , 64 bit Build 22494 (10.0.22494.1000)
Time: Sat Nov 13 11:58:39 2021 SE Asia Standard Time elapsed time: 4 seconds (0d 0h 0m 4s)

---------------  T H R E A D  ---------------

Current thread (0x000001ad227af000):  JavaThread "C2 CompilerThread0" daemon [_thread_in_native, id=11804, stack(0x00000099ae000000,0x00000099ae100000)]


Current CompileTask:
C2:   4230 1950       4       net.sourceforge.htmlunit.corejs.javascript.CodeGenerator::visitExpression (2347 bytes)

Stack: [0x00000099ae000000,0x00000099ae100000]
Native frames: (J=compiled Java code, j=interpreted, Vv=VM code, C=native code)
V  [jvm.dll+0x63c21a]
V  [jvm.dll+0x7797df]
V  [jvm.dll+0x77adca]
V  [jvm.dll+0x77b483]
V  [jvm.dll+0x2627f8]
V  [jvm.dll+0xc5e9b]
V  [jvm.dll+0xc61fc]
V  [jvm.dll+0xc5d50]
V  [jvm.dll+0x61b2ff]
V  [jvm.dll+0x66de9e]
V  [jvm.dll+0x1ad86d]
V  [jvm.dll+0x21c8d2]
V  [jvm.dll+0x21b96a]
V  [jvm.dll+0x198390]
V  [jvm.dll+0x22a97f]
V  [jvm.dll+0x228f98]
V  [jvm.dll+0x73f03d]
V  [jvm.dll+0x63b2b2]
C  [ucrtbase.dll+0x293cc]
C  [KERNEL32.DLL+0x16ab0]
C  [ntdll.dll+0x51edb]


---------------  P R O C E S S  ---------------

Threads class SMR info:
_java_thread_list=0x000001ad24054c00, length=12, elements={
0x000001ad7f791000, 0x000001ad22748800, 0x000001ad22751800, 0x000001ad227ab800,
0x000001ad227ac000, 0x000001ad227af000, 0x000001ad227b5800, 0x000001ad2275b800,
0x000001ad2291d000, 0x000001ad2292c000, 0x000001ad243ab000, 0x000001ad243a8000
}

Java Threads: ( => current thread )
  0x000001ad7f791000 JavaThread "main" [_thread_in_vm, id=15856, stack(0x00000099ad500000,0x00000099ad600000)]
  0x000001ad22748800 JavaThread "Reference Handler" daemon [_thread_blocked, id=5056, stack(0x00000099adc00000,0x00000099add00000)]
  0x000001ad22751800 JavaThread "Finalizer" daemon [_thread_blocked, id=16292, stack(0x00000099add00000,0x00000099ade00000)]
  0x000001ad227ab800 JavaThread "Signal Dispatcher" daemon [_thread_blocked, id=19068, stack(0x00000099ade00000,0x00000099adf00000)]
  0x000001ad227ac000 JavaThread "Attach Listener" daemon [_thread_blocked, id=19296, stack(0x00000099adf00000,0x00000099ae000000)]
=>0x000001ad227af000 JavaThread "C2 CompilerThread0" daemon [_thread_in_native, id=11804, stack(0x00000099ae000000,0x00000099ae100000)]
  0x000001ad227b5800 JavaThread "C1 CompilerThread0" daemon [_thread_blocked, id=8364, stack(0x00000099ae100000,0x00000099ae200000)]
  0x000001ad2275b800 JavaThread "Sweeper thread" daemon [_thread_blocked, id=324, stack(0x00000099ae200000,0x00000099ae300000)]
  0x000001ad2291d000 JavaThread "Service Thread" daemon [_thread_blocked, id=16056, stack(0x00000099ae300000,0x00000099ae400000)]
  0x000001ad2292c000 JavaThread "Common-Cleaner" daemon [_thread_blocked, id=8080, stack(0x00000099ae500000,0x00000099ae600000)]
  0x000001ad243ab000 JavaThread "C2 CompilerThread1" daemon [_thread_in_native, id=18396, stack(0x00000099aeb00000,0x00000099aec00000)]
  0x000001ad243a8000 JavaThread "C2 CompilerThread2" daemon [_thread_in_native, id=15260, stack(0x00000099aec00000,0x00000099aed00000)]

Other Threads:
  0x000001ad22726800 VMThread "VM Thread" [stack: 0x00000099adb00000,0x00000099adc00000] [id=10860]
  0x000001ad22928000 WatcherThread [stack: 0x00000099ae400000,0x00000099ae500000] [id=17872]
  0x000001ad7f7a6800 GCTaskThread "GC Thread#0" [stack: 0x00000099ad600000,0x00000099ad700000] [id=19380]
  0x000001ad23139000 GCTaskThread "GC Thread#1" [stack: 0x00000099ae600000,0x00000099ae700000] [id=15276]
  0x000001ad2313b000 GCTaskThread "GC Thread#2" [stack: 0x00000099ae700000,0x00000099ae800000] [id=11040]
  0x000001ad23135000 GCTaskThread "GC Thread#3" [stack: 0x00000099ae800000,0x00000099ae900000] [id=15756]
  0x000001ad7f7ee000 ConcurrentGCThread "G1 Main Marker" [stack: 0x00000099ad700000,0x00000099ad800000] [id=11564]
  0x000001ad7f7f0800 ConcurrentGCThread "G1 Conc#0" [stack: 0x00000099ad800000,0x00000099ad900000] [id=4384]
  0x000001ad2313c800 ConcurrentGCThread "G1 Conc#1" [stack: 0x00000099ae900000,0x00000099aea00000] [id=16596]
  0x000001ad21d7e800 ConcurrentGCThread "G1 Refine#0" [stack: 0x00000099ad900000,0x00000099ada00000] [id=308]
  0x000001ad21d7f800 ConcurrentGCThread "G1 Young RemSet Sampling" [stack: 0x00000099ada00000,0x00000099adb00000] [id=3044]

Threads with active compile tasks:
C2 CompilerThread01950       4       net.sourceforge.htmlunit.corejs.javascript.CodeGenerator::visitExpression (2347 bytes)
C2 CompilerThread12211       4       net.sourceforge.htmlunit.corejs.javascript.Parser::memberExprTail (490 bytes)
C2 CompilerThread22232   !   4       net.sourceforge.htmlunit.corejs.javascript.TokenStream::getToken (2447 bytes)

VM state:not at safepoint (normal execution)

VM Mutex/Monitor currently owned by a thread: None

Heap address: 0x0000000741400000, size: 3052 MB, Compressed Oops mode: Zero based, Oop shift amount: 3
Narrow klass base: 0x0000000800000000, Narrow klass shift: 0
Compressed class space size: 1073741824 Address: 0x0000000800000000

Heap:
 garbage-first heap   total 196608K, used 38100K [0x0000000741400000, 0x0000000800000000)
  region size 1024K, 38 young (38912K), 7 survivors (7168K)
 Metaspace       used 26942K, capacity 27174K, committed 27520K, reserved 1073152K
  class space    used 3570K, capacity 3647K, committed 3712K, reserved 1048576K
Heap Regions: E=young(eden), S=young(survivor), O=old, HS=humongous(starts), HC=humongous(continues), CS=collection set, F=free, A=archive, TAMS=top-at-mark-start (previous, next)
|   0|0x0000000741400000, 0x000000074149c400, 0x0000000741500000| 61%| O|  |TAMS 0x000000074149c400, 0x0000000741400000| Untracked 
|   1|0x0000000741500000, 0x0000000741600000, 0x0000000741600000|100%|HS|  |TAMS 0x0000000741500000, 0x0000000741500000| Complete 
|   2|0x0000000741600000, 0x0000000741600000, 0x0000000741700000|  0%| F|  |TAMS 0x0000000741600000, 0x0000000741600000| Untracked 
|   3|0x0000000741700000, 0x0000000741700000, 0x0000000741800000|  0%| F|  |TAMS 0x0000000741700000, 0x0000000741700000| Untracked 
|   4|0x0000000741800000, 0x0000000741800000, 0x0000000741900000|  0%| F|  |TAMS 0x0000000741800000, 0x0000000741800000| Untracked 
|   5|0x0000000741900000, 0x0000000741900000, 0x0000000741a00000|  0%| F|  |TAMS 0x0000000741900000, 0x0000000741900000| Untracked 
|   6|0x0000000741a00000, 0x0000000741a00000, 0x0000000741b00000|  0%| F|  |TAMS 0x0000000741a00000, 0x0000000741a00000| Untracked 
|   7|0x0000000741b00000, 0x0000000741b00000, 0x0000000741c00000|  0%| F|  |TAMS 0x0000000741b00000, 0x0000000741b00000| Untracked 
|   8|0x0000000741c00000, 0x0000000741c00000, 0x0000000741d00000|  0%| F|  |TAMS 0x0000000741c00000, 0x0000000741c00000| Untracked 
|   9|0x0000000741d00000, 0x0000000741d00000, 0x0000000741e00000|  0%| F|  |TAMS 0x0000000741d00000, 0x0000000741d00000| Untracked 
|  10|0x0000000741e00000, 0x0000000741e00000, 0x0000000741f00000|  0%| F|  |TAMS 0x0000000741e00000, 0x0000000741e00000| Untracked 
|  11|0x0000000741f00000, 0x0000000741f00000, 0x0000000742000000|  0%| F|  |TAMS 0x0000000741f00000, 0x0000000741f00000| Untracked 
|  12|0x0000000742000000, 0x0000000742000000, 0x0000000742100000|  0%| F|  |TAMS 0x0000000742000000, 0x0000000742000000| Untracked 
|  13|0x0000000742100000, 0x0000000742100000, 0x0000000742200000|  0%| F|  |TAMS 0x0000000742100000, 0x0000000742100000| Untracked 
|  14|0x0000000742200000, 0x0000000742200000, 0x0000000742300000|  0%| F|  |TAMS 0x0000000742200000, 0x0000000742200000| Untracked 
|  15|0x0000000742300000, 0x0000000742300000, 0x0000000742400000|  0%| F|  |TAMS 0x0000000742300000, 0x0000000742300000| Untracked 
|  16|0x0000000742400000, 0x0000000742400000, 0x0000000742500000|  0%| F|  |TAMS 0x0000000742400000, 0x0000000742400000| Untracked 
|  17|0x0000000742500000, 0x0000000742500000, 0x0000000742600000|  0%| F|  |TAMS 0x0000000742500000, 0x0000000742500000| Untracked 
|  18|0x0000000742600000, 0x0000000742600000, 0x0000000742700000|  0%| F|  |TAMS 0x0000000742600000, 0x0000000742600000| Untracked 
|  19|0x0000000742700000, 0x0000000742700000, 0x0000000742800000|  0%| F|  |TAMS 0x0000000742700000, 0x0000000742700000| Untracked 
|  20|0x0000000742800000, 0x0000000742800000, 0x0000000742900000|  0%| F|  |TAMS 0x0000000742800000, 0x0000000742800000| Untracked 
|  21|0x0000000742900000, 0x0000000742900000, 0x0000000742a00000|  0%| F|  |TAMS 0x0000000742900000, 0x0000000742900000| Untracked 
|  22|0x0000000742a00000, 0x0000000742a00000, 0x0000000742b00000|  0%| F|  |TAMS 0x0000000742a00000, 0x0000000742a00000| Untracked 
|  23|0x0000000742b00000, 0x0000000742b00000, 0x0000000742c00000|  0%| F|  |TAMS 0x0000000742b00000, 0x0000000742b00000| Untracked 
|  24|0x0000000742c00000, 0x0000000742c00000, 0x0000000742d00000|  0%| F|  |TAMS 0x0000000742c00000, 0x0000000742c00000| Untracked 
|  25|0x0000000742d00000, 0x0000000742d00000, 0x0000000742e00000|  0%| F|  |TAMS 0x0000000742d00000, 0x0000000742d00000| Untracked 
|  26|0x0000000742e00000, 0x0000000742e00000, 0x0000000742f00000|  0%| F|  |TAMS 0x0000000742e00000, 0x0000000742e00000| Untracked 
|  27|0x0000000742f00000, 0x0000000742f00000, 0x0000000743000000|  0%| F|  |TAMS 0x0000000742f00000, 0x0000000742f00000| Untracked 
|  28|0x0000000743000000, 0x0000000743000000, 0x0000000743100000|  0%| F|  |TAMS 0x0000000743000000, 0x0000000743000000| Untracked 
|  29|0x0000000743100000, 0x0000000743100000, 0x0000000743200000|  0%| F|  |TAMS 0x0000000743100000, 0x0000000743100000| Untracked 
|  30|0x0000000743200000, 0x0000000743200000, 0x0000000743300000|  0%| F|  |TAMS 0x0000000743200000, 0x0000000743200000| Untracked 
|  31|0x0000000743300000, 0x0000000743300000, 0x0000000743400000|  0%| F|  |TAMS 0x0000000743300000, 0x0000000743300000| Untracked 
|  32|0x0000000743400000, 0x0000000743400000, 0x0000000743500000|  0%| F|  |TAMS 0x0000000743400000, 0x0000000743400000| Untracked 
|  33|0x0000000743500000, 0x0000000743500000, 0x0000000743600000|  0%| F|  |TAMS 0x0000000743500000, 0x0000000743500000| Untracked 
|  34|0x0000000743600000, 0x0000000743600000, 0x0000000743700000|  0%| F|  |TAMS 0x0000000743600000, 0x0000000743600000| Untracked 
|  35|0x0000000743700000, 0x0000000743700000, 0x0000000743800000|  0%| F|  |TAMS 0x0000000743700000, 0x0000000743700000| Untracked 
|  36|0x0000000743800000, 0x0000000743800000, 0x0000000743900000|  0%| F|  |TAMS 0x0000000743800000, 0x0000000743800000| Untracked 
|  37|0x0000000743900000, 0x0000000743900000, 0x0000000743a00000|  0%| F|  |TAMS 0x0000000743900000, 0x0000000743900000| Untracked 
|  38|0x0000000743a00000, 0x0000000743a00000, 0x0000000743b00000|  0%| F|  |TAMS 0x0000000743a00000, 0x0000000743a00000| Untracked 
|  39|0x0000000743b00000, 0x0000000743b00000, 0x0000000743c00000|  0%| F|  |TAMS 0x0000000743b00000, 0x0000000743b00000| Untracked 
|  40|0x0000000743c00000, 0x0000000743c00000, 0x0000000743d00000|  0%| F|  |TAMS 0x0000000743c00000, 0x0000000743c00000| Untracked 
|  41|0x0000000743d00000, 0x0000000743d00000, 0x0000000743e00000|  0%| F|  |TAMS 0x0000000743d00000, 0x0000000743d00000| Untracked 
|  42|0x0000000743e00000, 0x0000000743e00000, 0x0000000743f00000|  0%| F|  |TAMS 0x0000000743e00000, 0x0000000743e00000| Untracked 
|  43|0x0000000743f00000, 0x0000000743f00000, 0x0000000744000000|  0%| F|  |TAMS 0x0000000743f00000, 0x0000000743f00000| Untracked 
|  44|0x0000000744000000, 0x0000000744000000, 0x0000000744100000|  0%| F|  |TAMS 0x0000000744000000, 0x0000000744000000| Untracked 
|  45|0x0000000744100000, 0x0000000744100000, 0x0000000744200000|  0%| F|  |TAMS 0x0000000744100000, 0x0000000744100000| Untracked 
|  46|0x0000000744200000, 0x0000000744200000, 0x0000000744300000|  0%| F|  |TAMS 0x0000000744200000, 0x0000000744200000| Untracked 
|  47|0x0000000744300000, 0x0000000744300000, 0x0000000744400000|  0%| F|  |TAMS 0x0000000744300000, 0x0000000744300000| Untracked 
|  48|0x0000000744400000, 0x0000000744400000, 0x0000000744500000|  0%| F|  |TAMS 0x0000000744400000, 0x0000000744400000| Untracked 
|  49|0x0000000744500000, 0x0000000744500000, 0x0000000744600000|  0%| F|  |TAMS 0x0000000744500000, 0x0000000744500000| Untracked 
|  50|0x0000000744600000, 0x0000000744600000, 0x0000000744700000|  0%| F|  |TAMS 0x0000000744600000, 0x0000000744600000| Untracked 
|  51|0x0000000744700000, 0x0000000744700000, 0x0000000744800000|  0%| F|  |TAMS 0x0000000744700000, 0x0000000744700000| Untracked 
|  52|0x0000000744800000, 0x0000000744800000, 0x0000000744900000|  0%| F|  |TAMS 0x0000000744800000, 0x0000000744800000| Untracked 
|  53|0x0000000744900000, 0x0000000744900000, 0x0000000744a00000|  0%| F|  |TAMS 0x0000000744900000, 0x0000000744900000| Untracked 
|  54|0x0000000744a00000, 0x0000000744a00000, 0x0000000744b00000|  0%| F|  |TAMS 0x0000000744a00000, 0x0000000744a00000| Untracked 
|  55|0x0000000744b00000, 0x0000000744b00000, 0x0000000744c00000|  0%| F|  |TAMS 0x0000000744b00000, 0x0000000744b00000| Untracked 
|  56|0x0000000744c00000, 0x0000000744c00000, 0x0000000744d00000|  0%| F|  |TAMS 0x0000000744c00000, 0x0000000744c00000| Untracked 
|  57|0x0000000744d00000, 0x0000000744d00000, 0x0000000744e00000|  0%| F|  |TAMS 0x0000000744d00000, 0x0000000744d00000| Untracked 
|  58|0x0000000744e00000, 0x0000000744e00000, 0x0000000744f00000|  0%| F|  |TAMS 0x0000000744e00000, 0x0000000744e00000| Untracked 
|  59|0x0000000744f00000, 0x0000000744f00000, 0x0000000745000000|  0%| F|  |TAMS 0x0000000744f00000, 0x0000000744f00000| Untracked 
|  60|0x0000000745000000, 0x0000000745000000, 0x0000000745100000|  0%| F|  |TAMS 0x0000000745000000, 0x0000000745000000| Untracked 
|  61|0x0000000745100000, 0x0000000745100000, 0x0000000745200000|  0%| F|  |TAMS 0x0000000745100000, 0x0000000745100000| Untracked 
|  62|0x0000000745200000, 0x0000000745200000, 0x0000000745300000|  0%| F|  |TAMS 0x0000000745200000, 0x0000000745200000| Untracked 
|  63|0x0000000745300000, 0x0000000745300000, 0x0000000745400000|  0%| F|  |TAMS 0x0000000745300000, 0x0000000745300000| Untracked 
|  64|0x0000000745400000, 0x0000000745400000, 0x0000000745500000|  0%| F|  |TAMS 0x0000000745400000, 0x0000000745400000| Untracked 
|  65|0x0000000745500000, 0x0000000745500000, 0x0000000745600000|  0%| F|  |TAMS 0x0000000745500000, 0x0000000745500000| Untracked 
|  66|0x0000000745600000, 0x0000000745600000, 0x0000000745700000|  0%| F|  |TAMS 0x0000000745600000, 0x0000000745600000| Untracked 
|  67|0x0000000745700000, 0x0000000745700000, 0x0000000745800000|  0%| F|  |TAMS 0x0000000745700000, 0x0000000745700000| Untracked 
|  68|0x0000000745800000, 0x0000000745800000, 0x0000000745900000|  0%| F|  |TAMS 0x0000000745800000, 0x0000000745800000| Untracked 
|  69|0x0000000745900000, 0x0000000745900000, 0x0000000745a00000|  0%| F|  |TAMS 0x0000000745900000, 0x0000000745900000| Untracked 
|  70|0x0000000745a00000, 0x0000000745a00000, 0x0000000745b00000|  0%| F|  |TAMS 0x0000000745a00000, 0x0000000745a00000| Untracked 
|  71|0x0000000745b00000, 0x0000000745b00000, 0x0000000745c00000|  0%| F|  |TAMS 0x0000000745b00000, 0x0000000745b00000| Untracked 
|  72|0x0000000745c00000, 0x0000000745c00000, 0x0000000745d00000|  0%| F|  |TAMS 0x0000000745c00000, 0x0000000745c00000| Untracked 
|  73|0x0000000745d00000, 0x0000000745d00000, 0x0000000745e00000|  0%| F|  |TAMS 0x0000000745d00000, 0x0000000745d00000| Untracked 
|  74|0x0000000745e00000, 0x0000000745e00000, 0x0000000745f00000|  0%| F|  |TAMS 0x0000000745e00000, 0x0000000745e00000| Untracked 
|  75|0x0000000745f00000, 0x0000000745f00000, 0x0000000746000000|  0%| F|  |TAMS 0x0000000745f00000, 0x0000000745f00000| Untracked 
|  76|0x0000000746000000, 0x0000000746000000, 0x0000000746100000|  0%| F|  |TAMS 0x0000000746000000, 0x0000000746000000| Untracked 
|  77|0x0000000746100000, 0x0000000746100000, 0x0000000746200000|  0%| F|  |TAMS 0x0000000746100000, 0x0000000746100000| Untracked 
|  78|0x0000000746200000, 0x0000000746200000, 0x0000000746300000|  0%| F|  |TAMS 0x0000000746200000, 0x0000000746200000| Untracked 
|  79|0x0000000746300000, 0x0000000746300000, 0x0000000746400000|  0%| F|  |TAMS 0x0000000746300000, 0x0000000746300000| Untracked 
|  80|0x0000000746400000, 0x0000000746400000, 0x0000000746500000|  0%| F|  |TAMS 0x0000000746400000, 0x0000000746400000| Untracked 
|  81|0x0000000746500000, 0x0000000746500000, 0x0000000746600000|  0%| F|  |TAMS 0x0000000746500000, 0x0000000746500000| Untracked 
|  82|0x0000000746600000, 0x0000000746600000, 0x0000000746700000|  0%| F|  |TAMS 0x0000000746600000, 0x0000000746600000| Untracked 
|  83|0x0000000746700000, 0x0000000746700000, 0x0000000746800000|  0%| F|  |TAMS 0x0000000746700000, 0x0000000746700000| Untracked 
|  84|0x0000000746800000, 0x0000000746800000, 0x0000000746900000|  0%| F|  |TAMS 0x0000000746800000, 0x0000000746800000| Untracked 
|  85|0x0000000746900000, 0x0000000746900000, 0x0000000746a00000|  0%| F|  |TAMS 0x0000000746900000, 0x0000000746900000| Untracked 
|  86|0x0000000746a00000, 0x0000000746a00000, 0x0000000746b00000|  0%| F|  |TAMS 0x0000000746a00000, 0x0000000746a00000| Untracked 
|  87|0x0000000746b00000, 0x0000000746b00000, 0x0000000746c00000|  0%| F|  |TAMS 0x0000000746b00000, 0x0000000746b00000| Untracked 
|  88|0x0000000746c00000, 0x0000000746c00000, 0x0000000746d00000|  0%| F|  |TAMS 0x0000000746c00000, 0x0000000746c00000| Untracked 
|  89|0x0000000746d00000, 0x0000000746d00000, 0x0000000746e00000|  0%| F|  |TAMS 0x0000000746d00000, 0x0000000746d00000| Untracked 
|  90|0x0000000746e00000, 0x0000000746e00000, 0x0000000746f00000|  0%| F|  |TAMS 0x0000000746e00000, 0x0000000746e00000| Untracked 
|  91|0x0000000746f00000, 0x0000000746f00000, 0x0000000747000000|  0%| F|  |TAMS 0x0000000746f00000, 0x0000000746f00000| Untracked 
|  92|0x0000000747000000, 0x0000000747000000, 0x0000000747100000|  0%| F|  |TAMS 0x0000000747000000, 0x0000000747000000| Untracked 
|  93|0x0000000747100000, 0x0000000747100000, 0x0000000747200000|  0%| F|  |TAMS 0x0000000747100000, 0x0000000747100000| Untracked 
|  94|0x0000000747200000, 0x0000000747200000, 0x0000000747300000|  0%| F|  |TAMS 0x0000000747200000, 0x0000000747200000| Untracked 
|  95|0x0000000747300000, 0x0000000747300000, 0x0000000747400000|  0%| F|  |TAMS 0x0000000747300000, 0x0000000747300000| Untracked 
|  96|0x0000000747400000, 0x0000000747400000, 0x0000000747500000|  0%| F|  |TAMS 0x0000000747400000, 0x0000000747400000| Untracked 
|  97|0x0000000747500000, 0x0000000747500000, 0x0000000747600000|  0%| F|  |TAMS 0x0000000747500000, 0x0000000747500000| Untracked 
|  98|0x0000000747600000, 0x0000000747600000, 0x0000000747700000|  0%| F|  |TAMS 0x0000000747600000, 0x0000000747600000| Untracked 
|  99|0x0000000747700000, 0x0000000747700000, 0x0000000747800000|  0%| F|  |TAMS 0x0000000747700000, 0x0000000747700000| Untracked 
| 100|0x0000000747800000, 0x0000000747800000, 0x0000000747900000|  0%| F|  |TAMS 0x0000000747800000, 0x0000000747800000| Untracked 
| 101|0x0000000747900000, 0x0000000747900000, 0x0000000747a00000|  0%| F|  |TAMS 0x0000000747900000, 0x0000000747900000| Untracked 
| 102|0x0000000747a00000, 0x0000000747a00000, 0x0000000747b00000|  0%| F|  |TAMS 0x0000000747a00000, 0x0000000747a00000| Untracked 
| 103|0x0000000747b00000, 0x0000000747b00000, 0x0000000747c00000|  0%| F|  |TAMS 0x0000000747b00000, 0x0000000747b00000| Untracked 
| 104|0x0000000747c00000, 0x0000000747c00000, 0x0000000747d00000|  0%| F|  |TAMS 0x0000000747c00000, 0x0000000747c00000| Untracked 
| 105|0x0000000747d00000, 0x0000000747d00000, 0x0000000747e00000|  0%| F|  |TAMS 0x0000000747d00000, 0x0000000747d00000| Untracked 
| 106|0x0000000747e00000, 0x0000000747e00000, 0x0000000747f00000|  0%| F|  |TAMS 0x0000000747e00000, 0x0000000747e00000| Untracked 
| 107|0x0000000747f00000, 0x0000000747f00000, 0x0000000748000000|  0%| F|  |TAMS 0x0000000747f00000, 0x0000000747f00000| Untracked 
| 108|0x0000000748000000, 0x0000000748000000, 0x0000000748100000|  0%| F|  |TAMS 0x0000000748000000, 0x0000000748000000| Untracked 
| 109|0x0000000748100000, 0x0000000748100000, 0x0000000748200000|  0%| F|  |TAMS 0x0000000748100000, 0x0000000748100000| Untracked 
| 110|0x0000000748200000, 0x0000000748200000, 0x0000000748300000|  0%| F|  |TAMS 0x0000000748200000, 0x0000000748200000| Untracked 
| 111|0x0000000748300000, 0x0000000748300000, 0x0000000748400000|  0%| F|  |TAMS 0x0000000748300000, 0x0000000748300000| Untracked 
| 112|0x0000000748400000, 0x0000000748400000, 0x0000000748500000|  0%| F|  |TAMS 0x0000000748400000, 0x0000000748400000| Untracked 
| 113|0x0000000748500000, 0x0000000748500000, 0x0000000748600000|  0%| F|  |TAMS 0x0000000748500000, 0x0000000748500000| Untracked 
| 114|0x0000000748600000, 0x0000000748600000, 0x0000000748700000|  0%| F|  |TAMS 0x0000000748600000, 0x0000000748600000| Untracked 
| 115|0x0000000748700000, 0x0000000748700000, 0x0000000748800000|  0%| F|  |TAMS 0x0000000748700000, 0x0000000748700000| Untracked 
| 116|0x0000000748800000, 0x0000000748800000, 0x0000000748900000|  0%| F|  |TAMS 0x0000000748800000, 0x0000000748800000| Untracked 
| 117|0x0000000748900000, 0x0000000748900000, 0x0000000748a00000|  0%| F|  |TAMS 0x0000000748900000, 0x0000000748900000| Untracked 
| 118|0x0000000748a00000, 0x0000000748a00000, 0x0000000748b00000|  0%| F|  |TAMS 0x0000000748a00000, 0x0000000748a00000| Untracked 
| 119|0x0000000748b00000, 0x0000000748b00000, 0x0000000748c00000|  0%| F|  |TAMS 0x0000000748b00000, 0x0000000748b00000| Untracked 
| 120|0x0000000748c00000, 0x0000000748c00000, 0x0000000748d00000|  0%| F|  |TAMS 0x0000000748c00000, 0x0000000748c00000| Untracked 
| 121|0x0000000748d00000, 0x0000000748d00000, 0x0000000748e00000|  0%| F|  |TAMS 0x0000000748d00000, 0x0000000748d00000| Untracked 
| 122|0x0000000748e00000, 0x0000000748e00000, 0x0000000748f00000|  0%| F|  |TAMS 0x0000000748e00000, 0x0000000748e00000| Untracked 
| 123|0x0000000748f00000, 0x0000000748f00000, 0x0000000749000000|  0%| F|  |TAMS 0x0000000748f00000, 0x0000000748f00000| Untracked 
| 124|0x0000000749000000, 0x0000000749000000, 0x0000000749100000|  0%| F|  |TAMS 0x0000000749000000, 0x0000000749000000| Untracked 
| 125|0x0000000749100000, 0x0000000749100000, 0x0000000749200000|  0%| F|  |TAMS 0x0000000749100000, 0x0000000749100000| Untracked 
| 126|0x0000000749200000, 0x0000000749200000, 0x0000000749300000|  0%| F|  |TAMS 0x0000000749200000, 0x0000000749200000| Untracked 
| 127|0x0000000749300000, 0x0000000749300000, 0x0000000749400000|  0%| F|  |TAMS 0x0000000749300000, 0x0000000749300000| Untracked 
| 128|0x0000000749400000, 0x0000000749400000, 0x0000000749500000|  0%| F|  |TAMS 0x0000000749400000, 0x0000000749400000| Untracked 
| 129|0x0000000749500000, 0x0000000749500000, 0x0000000749600000|  0%| F|  |TAMS 0x0000000749500000, 0x0000000749500000| Untracked 
| 130|0x0000000749600000, 0x0000000749600000, 0x0000000749700000|  0%| F|  |TAMS 0x0000000749600000, 0x0000000749600000| Untracked 
| 131|0x0000000749700000, 0x0000000749700000, 0x0000000749800000|  0%| F|  |TAMS 0x0000000749700000, 0x0000000749700000| Untracked 
| 132|0x0000000749800000, 0x0000000749800000, 0x0000000749900000|  0%| F|  |TAMS 0x0000000749800000, 0x0000000749800000| Untracked 
| 133|0x0000000749900000, 0x0000000749900000, 0x0000000749a00000|  0%| F|  |TAMS 0x0000000749900000, 0x0000000749900000| Untracked 
| 134|0x0000000749a00000, 0x0000000749a00000, 0x0000000749b00000|  0%| F|  |TAMS 0x0000000749a00000, 0x0000000749a00000| Untracked 
| 135|0x0000000749b00000, 0x0000000749b00000, 0x0000000749c00000|  0%| F|  |TAMS 0x0000000749b00000, 0x0000000749b00000| Untracked 
| 136|0x0000000749c00000, 0x0000000749c00000, 0x0000000749d00000|  0%| F|  |TAMS 0x0000000749c00000, 0x0000000749c00000| Untracked 
| 137|0x0000000749d00000, 0x0000000749d00000, 0x0000000749e00000|  0%| F|  |TAMS 0x0000000749d00000, 0x0000000749d00000| Untracked 
| 138|0x0000000749e00000, 0x0000000749e00000, 0x0000000749f00000|  0%| F|  |TAMS 0x0000000749e00000, 0x0000000749e00000| Untracked 
| 139|0x0000000749f00000, 0x0000000749f00000, 0x000000074a000000|  0%| F|  |TAMS 0x0000000749f00000, 0x0000000749f00000| Untracked 
| 140|0x000000074a000000, 0x000000074a000000, 0x000000074a100000|  0%| F|  |TAMS 0x000000074a000000, 0x000000074a000000| Untracked 
| 141|0x000000074a100000, 0x000000074a100000, 0x000000074a200000|  0%| F|  |TAMS 0x000000074a100000, 0x000000074a100000| Untracked 
| 142|0x000000074a200000, 0x000000074a200000, 0x000000074a300000|  0%| F|  |TAMS 0x000000074a200000, 0x000000074a200000| Untracked 
| 143|0x000000074a300000, 0x000000074a300000, 0x000000074a400000|  0%| F|  |TAMS 0x000000074a300000, 0x000000074a300000| Untracked 
| 144|0x000000074a400000, 0x000000074a400000, 0x000000074a500000|  0%| F|  |TAMS 0x000000074a400000, 0x000000074a400000| Untracked 
| 145|0x000000074a500000, 0x000000074a500000, 0x000000074a600000|  0%| F|  |TAMS 0x000000074a500000, 0x000000074a500000| Untracked 
| 146|0x000000074a600000, 0x000000074a600000, 0x000000074a700000|  0%| F|  |TAMS 0x000000074a600000, 0x000000074a600000| Untracked 
| 147|0x000000074a700000, 0x000000074a700000, 0x000000074a800000|  0%| F|  |TAMS 0x000000074a700000, 0x000000074a700000| Untracked 
| 148|0x000000074a800000, 0x000000074a800000, 0x000000074a900000|  0%| F|  |TAMS 0x000000074a800000, 0x000000074a800000| Untracked 
| 149|0x000000074a900000, 0x000000074a900000, 0x000000074aa00000|  0%| F|  |TAMS 0x000000074a900000, 0x000000074a900000| Untracked 
| 150|0x000000074aa00000, 0x000000074aa00000, 0x000000074ab00000|  0%| F|  |TAMS 0x000000074aa00000, 0x000000074aa00000| Untracked 
| 151|0x000000074ab00000, 0x000000074ab00000, 0x000000074ac00000|  0%| F|  |TAMS 0x000000074ab00000, 0x000000074ab00000| Untracked 
| 152|0x000000074ac00000, 0x000000074ac00000, 0x000000074ad00000|  0%| F|  |TAMS 0x000000074ac00000, 0x000000074ac00000| Untracked 
| 153|0x000000074ad00000, 0x000000074ad09b70, 0x000000074ae00000|  3%| E|  |TAMS 0x000000074ad00000, 0x000000074ad00000| Complete 
| 154|0x000000074ae00000, 0x000000074af00000, 0x000000074af00000|100%| E|CS|TAMS 0x000000074ae00000, 0x000000074ae00000| Complete 
| 155|0x000000074af00000, 0x000000074b000000, 0x000000074b000000|100%| E|CS|TAMS 0x000000074af00000, 0x000000074af00000| Complete 
| 156|0x000000074b000000, 0x000000074b098f28, 0x000000074b100000| 59%| S|CS|TAMS 0x000000074b000000, 0x000000074b000000| Complete 
| 157|0x000000074b100000, 0x000000074b200000, 0x000000074b200000|100%| S|CS|TAMS 0x000000074b100000, 0x000000074b100000| Complete 
| 158|0x000000074b200000, 0x000000074b300000, 0x000000074b300000|100%| S|CS|TAMS 0x000000074b200000, 0x000000074b200000| Complete 
| 159|0x000000074b300000, 0x000000074b400000, 0x000000074b400000|100%| S|CS|TAMS 0x000000074b300000, 0x000000074b300000| Complete 
| 160|0x000000074b400000, 0x000000074b500000, 0x000000074b500000|100%| S|CS|TAMS 0x000000074b400000, 0x000000074b400000| Complete 
| 161|0x000000074b500000, 0x000000074b600000, 0x000000074b600000|100%| S|CS|TAMS 0x000000074b500000, 0x000000074b500000| Complete 
| 162|0x000000074b600000, 0x000000074b700000, 0x000000074b700000|100%| S|CS|TAMS 0x000000074b600000, 0x000000074b600000| Complete 
| 163|0x000000074b700000, 0x000000074b800000, 0x000000074b800000|100%| E|CS|TAMS 0x000000074b700000, 0x000000074b700000| Complete 
| 164|0x000000074b800000, 0x000000074b900000, 0x000000074b900000|100%| E|CS|TAMS 0x000000074b800000, 0x000000074b800000| Complete 
| 165|0x000000074b900000, 0x000000074ba00000, 0x000000074ba00000|100%| E|CS|TAMS 0x000000074b900000, 0x000000074b900000| Complete 
| 166|0x000000074ba00000, 0x000000074bb00000, 0x000000074bb00000|100%| E|CS|TAMS 0x000000074ba00000, 0x000000074ba00000| Complete 
| 167|0x000000074bb00000, 0x000000074bc00000, 0x000000074bc00000|100%| E|CS|TAMS 0x000000074bb00000, 0x000000074bb00000| Complete 
| 168|0x000000074bc00000, 0x000000074bd00000, 0x000000074bd00000|100%| E|CS|TAMS 0x000000074bc00000, 0x000000074bc00000| Complete 
| 169|0x000000074bd00000, 0x000000074be00000, 0x000000074be00000|100%| E|CS|TAMS 0x000000074bd00000, 0x000000074bd00000| Complete 
| 170|0x000000074be00000, 0x000000074bf00000, 0x000000074bf00000|100%| E|CS|TAMS 0x000000074be00000, 0x000000074be00000| Complete 
| 171|0x000000074bf00000, 0x000000074c000000, 0x000000074c000000|100%| E|CS|TAMS 0x000000074bf00000, 0x000000074bf00000| Complete 
| 172|0x000000074c000000, 0x000000074c100000, 0x000000074c100000|100%| E|  |TAMS 0x000000074c000000, 0x000000074c000000| Complete 
| 173|0x000000074c100000, 0x000000074c200000, 0x000000074c200000|100%| E|CS|TAMS 0x000000074c100000, 0x000000074c100000| Complete 
| 174|0x000000074c200000, 0x000000074c300000, 0x000000074c300000|100%| E|CS|TAMS 0x000000074c200000, 0x000000074c200000| Complete 
| 175|0x000000074c300000, 0x000000074c400000, 0x000000074c400000|100%| E|CS|TAMS 0x000000074c300000, 0x000000074c300000| Complete 
| 176|0x000000074c400000, 0x000000074c500000, 0x000000074c500000|100%| E|CS|TAMS 0x000000074c400000, 0x000000074c400000| Complete 
| 177|0x000000074c500000, 0x000000074c600000, 0x000000074c600000|100%| E|CS|TAMS 0x000000074c500000, 0x000000074c500000| Complete 
| 178|0x000000074c600000, 0x000000074c700000, 0x000000074c700000|100%| E|CS|TAMS 0x000000074c600000, 0x000000074c600000| Complete 
| 179|0x000000074c700000, 0x000000074c800000, 0x000000074c800000|100%| E|CS|TAMS 0x000000074c700000, 0x000000074c700000| Complete 
| 180|0x000000074c800000, 0x000000074c900000, 0x000000074c900000|100%| E|CS|TAMS 0x000000074c800000, 0x000000074c800000| Complete 
| 181|0x000000074c900000, 0x000000074ca00000, 0x000000074ca00000|100%| E|CS|TAMS 0x000000074c900000, 0x000000074c900000| Complete 
| 182|0x000000074ca00000, 0x000000074cb00000, 0x000000074cb00000|100%| E|CS|TAMS 0x000000074ca00000, 0x000000074ca00000| Complete 
| 183|0x000000074cb00000, 0x000000074cc00000, 0x000000074cc00000|100%| E|CS|TAMS 0x000000074cb00000, 0x000000074cb00000| Complete 
| 184|0x000000074cc00000, 0x000000074cd00000, 0x000000074cd00000|100%| E|CS|TAMS 0x000000074cc00000, 0x000000074cc00000| Complete 
| 185|0x000000074cd00000, 0x000000074ce00000, 0x000000074ce00000|100%| E|CS|TAMS 0x000000074cd00000, 0x000000074cd00000| Complete 
| 186|0x000000074ce00000, 0x000000074cf00000, 0x000000074cf00000|100%| E|CS|TAMS 0x000000074ce00000, 0x000000074ce00000| Complete 
| 187|0x000000074cf00000, 0x000000074d000000, 0x000000074d000000|100%| E|CS|TAMS 0x000000074cf00000, 0x000000074cf00000| Complete 
| 188|0x000000074d000000, 0x000000074d100000, 0x000000074d100000|100%| E|CS|TAMS 0x000000074d000000, 0x000000074d000000| Complete 
| 189|0x000000074d100000, 0x000000074d200000, 0x000000074d200000|100%| E|CS|TAMS 0x000000074d100000, 0x000000074d100000| Complete 
| 190|0x000000074d200000, 0x000000074d300000, 0x000000074d300000|100%| E|CS|TAMS 0x000000074d200000, 0x000000074d200000| Complete 
| 191|0x000000074d300000, 0x000000074d400000, 0x000000074d400000|100%| E|CS|TAMS 0x000000074d300000, 0x000000074d300000| Complete 

Card table byte_map: [0x000001ad18c60000,0x000001ad19260000] _byte_map_base: 0x000001ad15256000

Marking Bits (Prev, Next): (CMBitMap*) 0x000001ad7f7e1620, (CMBitMap*) 0x000001ad7f7e15e8
 Prev Bits: [0x000001ad1c810000, 0x000001ad1f7c0000)
 Next Bits: [0x000001ad19860000, 0x000001ad1c810000)

Polling page: 0x000001ad7ef70000

Metaspace:

Usage:
  Non-class:     23.04 MB capacity,    22.89 MB (>99%) used,   123.62 KB ( <1%) free+waste,    31.56 KB ( <1%) overhead. 
      Class:      3.56 MB capacity,     3.49 MB ( 98%) used,    57.83 KB (  2%) free+waste,    13.44 KB ( <1%) overhead. 
       Both:     26.60 MB capacity,    26.38 MB (>99%) used,   181.45 KB ( <1%) free+waste,    45.00 KB ( <1%) overhead. 

Virtual space:
  Non-class space:       24.00 MB reserved,      23.25 MB ( 97%) committed 
      Class space:        1.00 GB reserved,       3.63 MB ( <1%) committed 
             Both:        1.02 GB reserved,      26.88 MB (  3%) committed 

Chunk freelists:
   Non-Class:  11.13 KB
       Class:  128 bytes
        Both:  11.25 KB

CodeHeap 'non-profiled nmethods': size=120000Kb used=986Kb max_used=986Kb free=119013Kb
 bounds [0x000001ad11130000, 0x000001ad113a0000, 0x000001ad18660000]
CodeHeap 'profiled nmethods': size=120000Kb used=5604Kb max_used=5604Kb free=114395Kb
 bounds [0x000001ad09c00000, 0x000001ad0a180000, 0x000001ad11130000]
CodeHeap 'non-nmethods': size=5760Kb used=1151Kb max_used=1175Kb free=4608Kb
 bounds [0x000001ad09660000, 0x000001ad098d0000, 0x000001ad09c00000]
 total_blobs=3333 nmethods=2350 adapters=385
 compilation: enabled
              stopped_count=0, restarted_count=0
 full_count=0

Compilation events (10 events):
Event: 4.196 Thread 0x000001ad227b5800 2359  s    3       java.security.Provider::getService (91 bytes)
Event: 4.197 Thread 0x000001ad227b5800 nmethod 2359 0x000001ad0a16b310 code [0x000001ad0a16b560, 0x000001ad0a16c170]
Event: 4.197 Thread 0x000001ad227b5800 2360       3       java.security.Provider$ServiceKey::matches (22 bytes)
Event: 4.198 Thread 0x000001ad227b5800 nmethod 2360 0x000001ad0a16c410 code [0x000001ad0a16c5c0, 0x000001ad0a16c7b8]
Event: 4.203 Thread 0x000001ad227b5800 2361       3       sun.security.util.AlgorithmDecomposer::decompose (336 bytes)
Event: 4.204 Thread 0x000001ad227b5800 nmethod 2361 0x000001ad0a16c890 code [0x000001ad0a16cd00, 0x000001ad0a16f0d0]
Event: 4.204 Thread 0x000001ad227b5800 2362       3       java.util.LinkedList$ListItr::checkForComodification (23 bytes)
Event: 4.205 Thread 0x000001ad227b5800 nmethod 2362 0x000001ad0a16f610 code [0x000001ad0a16f7e0, 0x000001ad0a16fa70]
Event: 4.205 Thread 0x000001ad227b5800 2363       3       java.util.LinkedList$ListItr::next (56 bytes)
Event: 4.205 Thread 0x000001ad227b5800 nmethod 2363 0x000001ad0a16fb90 code [0x000001ad0a16fda0, 0x000001ad0a170360]

GC Heap History (4 events):
Event: 0.939 GC heap before
{Heap before GC invocations=0 (full 0):
 garbage-first heap   total 196608K, used 23552K [0x0000000741400000, 0x0000000800000000)
  region size 1024K, 24 young (24576K), 0 survivors (0K)
 Metaspace       used 13209K, capacity 13413K, committed 13696K, reserved 1060864K
  class space    used 1240K, capacity 1311K, committed 1408K, reserved 1048576K
}
Event: 0.944 GC heap after
{Heap after GC invocations=1 (full 0):
 garbage-first heap   total 196608K, used 3697K [0x0000000741400000, 0x0000000800000000)
  region size 1024K, 3 young (3072K), 3 survivors (3072K)
 Metaspace       used 13209K, capacity 13413K, committed 13696K, reserved 1060864K
  class space    used 1240K, capacity 1311K, committed 1408K, reserved 1048576K
}
Event: 2.479 GC heap before
{Heap before GC invocations=1 (full 0):
 garbage-first heap   total 196608K, used 29297K [0x0000000741400000, 0x0000000800000000)
  region size 1024K, 29 young (29696K), 3 survivors (3072K)
 Metaspace       used 20854K, capacity 21143K, committed 21248K, reserved 1067008K
  class space    used 2878K, capacity 2983K, committed 3072K, reserved 1048576K
}
Event: 2.492 GC heap after
{Heap after GC invocations=2 (full 0):
 garbage-first heap   total 196608K, used 7380K [0x0000000741400000, 0x0000000800000000)
  region size 1024K, 7 young (7168K), 7 survivors (7168K)
 Metaspace       used 20854K, capacity 21143K, committed 21248K, reserved 1067008K
  class space    used 2878K, capacity 2983K, committed 3072K, reserved 1048576K
}

Deoptimization events (10 events):
Event: 3.666 Thread 0x000001ad7f791000 Uncommon trap: reason=unstable_if action=reinterpret pc=0x000001ad111c5f30 method=java.lang.StringUTF16.compress([CI[BII)I @ 20 c2
Event: 3.735 Thread 0x000001ad7f791000 Uncommon trap: reason=class_check action=maybe_recompile pc=0x000001ad111febf4 method=java.lang.Character.toLowerCase(I)I @ 5 c2
Event: 3.735 Thread 0x000001ad7f791000 Uncommon trap: reason=class_check action=maybe_recompile pc=0x000001ad111febf4 method=java.lang.Character.toLowerCase(I)I @ 5 c2
Event: 3.735 Thread 0x000001ad7f791000 Uncommon trap: reason=class_check action=maybe_recompile pc=0x000001ad111febf4 method=java.lang.Character.toLowerCase(I)I @ 5 c2
Event: 3.735 Thread 0x000001ad7f791000 Uncommon trap: reason=class_check action=maybe_recompile pc=0x000001ad111febf4 method=java.lang.Character.toLowerCase(I)I @ 5 c2
Event: 3.745 Thread 0x000001ad7f791000 Uncommon trap: reason=unstable_if action=reinterpret pc=0x000001ad11151b78 method=java.util.jar.JarFile.checkForSpecialAttributes()V @ 4 c2
Event: 3.925 Thread 0x000001ad7f791000 Uncommon trap: reason=unstable_if action=reinterpret pc=0x000001ad1120a264 method=net.sourceforge.htmlunit.corejs.javascript.IRFactory.transform(Lnet/sourceforge/htmlunit/corejs/javascript/ast/AstNode;)Lnet/sourceforge/htmlunit/corejs/javascript/Node; @ 4
Event: 4.057 Thread 0x000001ad7f791000 Uncommon trap: reason=class_check action=maybe_recompile pc=0x000001ad112050c4 method=java.lang.Character.isWhitespace(I)Z @ 5 c2
Event: 4.057 Thread 0x000001ad7f791000 Uncommon trap: reason=class_check action=maybe_recompile pc=0x000001ad112050c4 method=java.lang.Character.isWhitespace(I)Z @ 5 c2
Event: 4.168 Thread 0x000001ad7f791000 Uncommon trap: reason=unstable_if action=reinterpret pc=0x000001ad1119bc00 method=java.util.regex.Pattern$SliceI.match(Ljava/util/regex/Matcher;ILjava/lang/CharSequence;)Z @ 29 c2

Classes redefined (0 events):
No events

Internal exceptions (10 events):
Event: 3.517 Thread 0x000001ad7f791000 Exception <a 'java/net/SocketTimeoutException'{0x000000074bb69170}: Read timed out> (0x000000074bb69170) thrown at [t:/workspace/open/src/hotspot/share/prims/jni.cpp, line 636]
Event: 3.605 Thread 0x000001ad7f791000 Implicit null exception at 0x000001ad111d0009 to 0x000001ad111d0af6
Event: 3.627 Thread 0x000001ad7f791000 Exception <a 'java/net/SocketTimeoutException'{0x000000074ba165b8}: Read timed out> (0x000000074ba165b8) thrown at [t:/workspace/open/src/hotspot/share/prims/jni.cpp, line 636]
Event: 3.674 Thread 0x000001ad7f791000 Exception <a 'java/net/SocketTimeoutException'{0x000000074baa3418}: Read timed out> (0x000000074baa3418) thrown at [t:/workspace/open/src/hotspot/share/prims/jni.cpp, line 636]
Event: 3.767 Thread 0x000001ad7f791000 Exception <a 'java/net/SocketTimeoutException'{0x000000074b9b8220}: Read timed out> (0x000000074b9b8220) thrown at [t:/workspace/open/src/hotspot/share/prims/jni.cpp, line 636]
Event: 3.814 Thread 0x000001ad7f791000 Exception <a 'java/net/SocketTimeoutException'{0x000000074b82c2e0}: Read timed out> (0x000000074b82c2e0) thrown at [t:/workspace/open/src/hotspot/share/prims/jni.cpp, line 636]
Event: 3.877 Thread 0x000001ad7f791000 Exception <a 'java/net/SocketTimeoutException'{0x000000074b740668}: Read timed out> (0x000000074b740668) thrown at [t:/workspace/open/src/hotspot/share/prims/jni.cpp, line 636]
Event: 3.940 Thread 0x000001ad7f791000 Exception <a 'java/net/SocketTimeoutException'{0x000000074b7b07f0}: Read timed out> (0x000000074b7b07f0) thrown at [t:/workspace/open/src/hotspot/share/prims/jni.cpp, line 636]
Event: 3.971 Thread 0x000001ad7f791000 Exception <a 'java/net/SocketTimeoutException'{0x000000074b7cdec8}: Read timed out> (0x000000074b7cdec8) thrown at [t:/workspace/open/src/hotspot/share/prims/jni.cpp, line 636]
Event: 4.017 Thread 0x000001ad7f791000 Exception <a 'java/net/SocketTimeoutException'{0x000000074b7efd08}: Read timed out> (0x000000074b7efd08) thrown at [t:/workspace/open/src/hotspot/share/prims/jni.cpp, line 636]

Events (10 events):
Event: 4.213 loading class sun/security/pkcs/PKCS8Key
Event: 4.213 loading class sun/security/pkcs/PKCS8Key done
Event: 4.214 loading class java/security/KeyPair
Event: 4.214 loading class java/security/KeyPair done
Event: 4.214 loading class sun/security/ssl/KeyShareExtension$KeyShareEntry
Event: 4.214 loading class sun/security/ssl/KeyShareExtension$KeyShareEntry done
Event: 4.214 loading class sun/security/ssl/KeyShareExtension$CHKeyShareSpec
Event: 4.214 loading class sun/security/ssl/KeyShareExtension$CHKeyShareSpec done
Event: 4.215 loading class sun/security/ssl/ContentType
Event: 4.215 loading class sun/security/ssl/ContentType done


Dynamic libraries:
0x00007ff7c2fb0000 - 0x00007ff7c2ff7000 	C:\Program Files\Java\jdk-11.0.1\bin\java.exe
0x00007ffab34c0000 - 0x00007ffab36cf000 	C:\WINDOWS\SYSTEM32\ntdll.dll
0x00007ffab3340000 - 0x00007ffab33fd000 	C:\WINDOWS\System32\KERNEL32.DLL
0x00007ffab0bc0000 - 0x00007ffab0f4c000 	C:\WINDOWS\System32\KERNELBASE.dll
0x00007ffab3200000 - 0x00007ffab32ae000 	C:\WINDOWS\System32\ADVAPI32.dll
0x00007ffab1650000 - 0x00007ffab16f4000 	C:\WINDOWS\System32\msvcrt.dll
0x00007ffab1700000 - 0x00007ffab17a1000 	C:\WINDOWS\System32\sechost.dll
0x00007ffab2eb0000 - 0x00007ffab2fcf000 	C:\WINDOWS\System32\RPCRT4.dll
0x00007ffab2890000 - 0x00007ffab2a36000 	C:\WINDOWS\System32\USER32.dll
0x00007ffab0ff0000 - 0x00007ffab1016000 	C:\WINDOWS\System32\win32u.dll
0x00007ffab2640000 - 0x00007ffab2669000 	C:\WINDOWS\System32\GDI32.dll
0x00007ffab0980000 - 0x00007ffab0a97000 	C:\WINDOWS\System32\gdi32full.dll
0x00007ffab0f50000 - 0x00007ffab0fea000 	C:\WINDOWS\System32\msvcp_win.dll
0x00007ffab0aa0000 - 0x00007ffab0bb1000 	C:\WINDOWS\System32\ucrtbase.dll
0x00007ffa989c0000 - 0x00007ffa98c61000 	C:\WINDOWS\WinSxS\amd64_microsoft.windows.common-controls_6595b64144ccf1df_6.0.22494.1000_none_23deebcec6cdf010\COMCTL32.dll
0x00007ffaa8170000 - 0x00007ffaa817a000 	C:\WINDOWS\SYSTEM32\VERSION.dll
0x00007ffab1d60000 - 0x00007ffab1d91000 	C:\WINDOWS\System32\IMM32.DLL
0x00007ffaa5060000 - 0x00007ffaa5076000 	C:\Program Files\Java\jdk-11.0.1\bin\vcruntime140.dll
0x00007ffa5d4a0000 - 0x00007ffa5d54a000 	C:\Program Files\Java\jdk-11.0.1\bin\msvcp140.dll
0x00007ffa26640000 - 0x00007ffa27182000 	C:\Program Files\Java\jdk-11.0.1\bin\server\jvm.dll
0x00007ffab32b0000 - 0x00007ffab32b8000 	C:\WINDOWS\System32\PSAPI.DLL
0x00007ffaaa760000 - 0x00007ffaaa794000 	C:\WINDOWS\SYSTEM32\WINMM.dll
0x00007ffaac6f0000 - 0x00007ffaac6f9000 	C:\WINDOWS\SYSTEM32\WSOCK32.dll
0x00007ffab15d0000 - 0x00007ffab1641000 	C:\WINDOWS\System32\WS2_32.dll
0x00007ffaafa10000 - 0x00007ffaafa28000 	C:\WINDOWS\SYSTEM32\kernel.appcore.dll
0x00007ffa98030000 - 0x00007ffa98041000 	C:\Program Files\Java\jdk-11.0.1\bin\verify.dll
0x00007ffa9e7c0000 - 0x00007ffa9e9e6000 	C:\WINDOWS\SYSTEM32\DBGHELP.DLL
0x00007ffab19e0000 - 0x00007ffab1d5b000 	C:\WINDOWS\System32\combase.dll
0x00007ffa9e410000 - 0x00007ffa9e441000 	C:\WINDOWS\SYSTEM32\dbgcore.DLL
0x00007ffab1240000 - 0x00007ffab12c1000 	C:\WINDOWS\System32\bcryptPrimitives.dll
0x00007ffaa0c80000 - 0x00007ffaa0ca9000 	C:\Program Files\Java\jdk-11.0.1\bin\java.dll
0x00007ffa98010000 - 0x00007ffa98026000 	C:\Program Files\Java\jdk-11.0.1\bin\zip.dll
0x00007ffaaa930000 - 0x00007ffaaa93a000 	C:\Program Files\Java\jdk-11.0.1\bin\jimage.dll
0x00007ffab1e20000 - 0x00007ffab25d4000 	C:\WINDOWS\System32\SHELL32.dll
0x00007ffaae9d0000 - 0x00007ffaaf22d000 	C:\WINDOWS\SYSTEM32\windows.storage.dll
0x00007ffaae880000 - 0x00007ffaae9c9000 	C:\WINDOWS\SYSTEM32\wintypes.dll
0x00007ffab3110000 - 0x00007ffab3200000 	C:\WINDOWS\System32\SHCORE.dll
0x00007ffab32c0000 - 0x00007ffab331b000 	C:\WINDOWS\System32\shlwapi.dll
0x00007ffab08b0000 - 0x00007ffab08d1000 	C:\WINDOWS\SYSTEM32\profapi.dll
0x00007ffa96b50000 - 0x00007ffa96b69000 	C:\Program Files\Java\jdk-11.0.1\bin\net.dll
0x00007ffaa9c50000 - 0x00007ffaa9d62000 	C:\WINDOWS\SYSTEM32\WINHTTP.dll
0x00007ffaafe50000 - 0x00007ffaafeb9000 	C:\WINDOWS\system32\mswsock.dll
0x00007ffa96b30000 - 0x00007ffa96b43000 	C:\Program Files\Java\jdk-11.0.1\bin\nio.dll
0x00007ffaab730000 - 0x00007ffaab73d000 	C:\Program Files\Java\jdk-11.0.1\bin\sunmscapi.dll
0x00007ffab10e0000 - 0x00007ffab123c000 	C:\WINDOWS\System32\CRYPT32.dll
0x00007ffab0230000 - 0x00007ffab0259000 	C:\WINDOWS\SYSTEM32\ncrypt.dll
0x00007ffab01f0000 - 0x00007ffab0227000 	C:\WINDOWS\SYSTEM32\NTASN1.dll
0x00007ffa93970000 - 0x00007ffa93997000 	C:\Program Files\Java\jdk-11.0.1\bin\sunec.dll
0x00007ffab0070000 - 0x00007ffab0088000 	C:\WINDOWS\SYSTEM32\CRYPTSP.dll
0x00007ffaaf970000 - 0x00007ffaaf9a5000 	C:\WINDOWS\system32\rsaenh.dll
0x00007ffaaff10000 - 0x00007ffaaff39000 	C:\WINDOWS\SYSTEM32\USERENV.dll
0x00007ffab0260000 - 0x00007ffab0288000 	C:\WINDOWS\SYSTEM32\bcrypt.dll
0x00007ffab0090000 - 0x00007ffab009c000 	C:\WINDOWS\SYSTEM32\CRYPTBASE.dll
0x00007ffaaf480000 - 0x00007ffaaf4ad000 	C:\WINDOWS\SYSTEM32\IPHLPAPI.DLL
0x00007ffab2880000 - 0x00007ffab2889000 	C:\WINDOWS\System32\NSI.dll
0x00007ffaa9c10000 - 0x00007ffaa9c29000 	C:\WINDOWS\SYSTEM32\dhcpcsvc6.DLL
0x00007ffaa9b40000 - 0x00007ffaa9b5e000 	C:\WINDOWS\SYSTEM32\dhcpcsvc.DLL
0x00007ffaaf4b0000 - 0x00007ffaaf5a7000 	C:\WINDOWS\SYSTEM32\DNSAPI.dll
0x00007ffaa8160000 - 0x00007ffaa816a000 	C:\Windows\System32\rasadhlp.dll
0x00007ffaa8b20000 - 0x00007ffaa8ba2000 	C:\WINDOWS\System32\fwpuclnt.dll

dbghelp: loaded successfully - version: 4.0.5 - missing functions: none
symbol engine: initialized successfully - sym options: 0x614 - pdb path: .;C:\Program Files\Java\jdk-11.0.1\bin;C:\WINDOWS\SYSTEM32;C:\WINDOWS\WinSxS\amd64_microsoft.windows.common-controls_6595b64144ccf1df_6.0.22494.1000_none_23deebcec6cdf010;C:\Program Files\Java\jdk-11.0.1\bin\server

VM Arguments:
jvm_args: -Dfile.encoding=UTF-8 
java_command: Database.getAllPoint1
java_class_path (initial): C:\Users\HO_THI_THOM\Documents\NetBeansProjects\New_LIB\New_LIB\New_LIB\commons-codec-1.8.jar;C:\Users\HO_THI_THOM\Documents\NetBeansProjects\New_LIB\New_LIB\New_LIB\commons-collections-3.2.1.jar;C:\Users\HO_THI_THOM\Documents\NetBeansProjects\New_LIB\New_LIB\New_LIB\commons-io-2.4.jar;C:\Users\HO_THI_THOM\Documents\NetBeansProjects\New_LIB\New_LIB\New_LIB\commons-lang3-3.1.jar;C:\Users\HO_THI_THOM\Documents\NetBeansProjects\New_LIB\New_LIB\New_LIB\commons-logging-1.1.3.jar;C:\Users\HO_THI_THOM\Documents\NetBeansProjects\New_LIB\New_LIB\New_LIB\cssparser-0.9.11.jar;C:\Users\HO_THI_THOM\Documents\NetBeansProjects\New_LIB\New_LIB\New_LIB\gson-2.8.6.jar;C:\Users\HO_THI_THOM\Documents\NetBeansProjects\New_LIB\New_LIB\New_LIB\htmlunit-2.13.jar;C:\Users\HO_THI_THOM\Documents\NetBeansProjects\New_LIB\New_LIB\New_LIB\htmlunit-core-js-2.13.jar;C:\Users\HO_THI_THOM\Documents\NetBeansProjects\New_LIB\New_LIB\New_LIB\httpclient-4.3.1.jar;C:\Users\HO_THI_THOM\Documents\NetBeansProjects\New_LIB\New_LIB\New_LIB\httpcore-4.3.jar;C:\Users\HO_THI_THOM\Documents\NetBeansProjects\New_LIB\New_LIB\New_LIB\httpmime-4.3.1.jar;C:\Users\HO_THI_THOM\Documents\NetBeansProjects\New_LIB\New_LIB\New_LIB\jackson-annotations-2.11.1.jar;C:\Users\HO_THI_THOM\Documents\NetBeansProjects\New_LIB\New_LIB\New_LIB\jackson-annotations-2.9.0.jar;C:\Users\HO_THI_THOM\Documents\NetBeansProjects\New_LIB\New_LIB\New_LIB\jackson-core-2.11.1.jar;C:\Users\HO_THI_THOM\Documents\NetBeansProjects\New_LIB\New_LIB\New_LIB\jackson-core-2.9.5.jar;C:\Users\HO_THI_THOM\Documents\NetBeansProjects\New_LIB\New_LIB\New_LIB\jackson-databind-2.11.1.jar;C:\Users\HO_THI_THOM\Documents\NetBeansProjects\New_LIB\New_LIB\New_LIB\jackson-databind-2.9.5.jar;C:\Users\HO_THI_THOM\Documents\NetBeansProjects\New_LIB\New_LIB\New_LIB\jetty-http-8.1.12.v20130726.jar;C:\Users\HO_THI_THOM\Documents\NetBeansProjects\New_LIB\New_LIB\New_LIB\jetty-io-8.1.12.v20130726.jar;C:\Users\HO_THI_THOM\Documents\NetBeansProjects\Ne
Launcher Type: SUN_STANDARD

[Global flags]
     intx CICompilerCount                          = 4                                         {product} {ergonomic}
     uint ConcGCThreads                            = 2                                         {product} {ergonomic}
     uint G1ConcRefinementThreads                  = 8                                         {product} {ergonomic}
   size_t G1HeapRegionSize                         = 1048576                                   {product} {ergonomic}
    uintx GCDrainStackTargetSize                   = 64                                        {product} {ergonomic}
   size_t InitialHeapSize                          = 201326592                                 {product} {ergonomic}
   size_t MarkStackSize                            = 4194304                                   {product} {ergonomic}
   size_t MaxHeapSize                              = 3200253952                                {product} {ergonomic}
   size_t MaxNewSize                               = 1919942656                                {product} {ergonomic}
   size_t MinHeapDeltaBytes                        = 1048576                                   {product} {ergonomic}
    uintx NonNMethodCodeHeapSize                   = 5835340                                {pd product} {ergonomic}
    uintx NonProfiledCodeHeapSize                  = 122911450                              {pd product} {ergonomic}
    uintx ProfiledCodeHeapSize                     = 122911450                              {pd product} {ergonomic}
    uintx ReservedCodeCacheSize                    = 251658240                              {pd product} {ergonomic}
     bool SegmentedCodeCache                       = true                                      {product} {ergonomic}
     bool UseCompressedClassPointers               = true                                 {lp64_product} {ergonomic}
     bool UseCompressedOops                        = true                                 {lp64_product} {ergonomic}
     bool UseG1GC                                  = true                                      {product} {ergonomic}
     bool UseLargePagesIndividualAllocation        = false                                  {pd product} {ergonomic}

Logging:
Log output configuration:
 #0: stdout all=warning uptime,level,tags
 #1: stderr all=off uptime,level,tags

Environment Variables:
PATH=C:\Program Files\Common Files\Oracle\Java\javapath;C:\Program Files (x86)\VMware\VMware Workstation\bin\;C:\Program Files\Microsoft MPI\Bin\;C:\WINDOWS\system32;C:\WINDOWS;C:\WINDOWS\System32\Wbem;C:\WINDOWS\System32\WindowsPowerShell\v1.0\;C:\WINDOWS\System32\OpenSSH\;C:\Program Files (x86)\Microsoft SQL Server\150\Tools\Binn\;C:\Program Files\Microsoft SQL Server\150\Tools\Binn\;C:\Program Files (x86)\Microsoft SQL Server\150\DTS\Binn\;C:\Program Files\Microsoft SQL Server\150\DTS\Binn\;C:\Program Files\Microsoft SQL Server\Client SDK\ODBC\170\Tools\Binn\;C:\Program Files\Azure Data Studio\bin;C:\Program Files\Git\cmd;C:\Users\HO_THI_THOM\AppData\Local\Microsoft\WindowsApps;;C:\Program Files\Azure Data Studio\bin;C:\Users\HO_THI_THOM\AppData\Local\Programs\Microsoft VS Code\bin
USERNAME=HO_THI_THOM
OS=Windows_NT
PROCESSOR_IDENTIFIER=Intel64 Family 6 Model 142 Stepping 10, GenuineIntel



---------------  S Y S T E M  ---------------

OS: Windows 10 , 64 bit Build 22494 (10.0.22494.1000)

CPU:total 8 (initial active 8) (4 cores per cpu, 2 threads per core) family 6 model 142 stepping 10, cmov, cx8, fxsr, mmx, sse, sse2, sse3, ssse3, sse4.1, sse4.2, popcnt, avx, avx2, aes, clmul, erms, 3dnowpref, lzcnt, ht, tsc, tscinvbit, bmi1, bmi2, adx, fma

Memory: 4k page, system-wide physical 12204M (2306M free)
TotalPageFile size 27307M (AvailPageFile size 10M)
current process WorkingSet (physical memory assigned to process): 180M, peak: 182M
current process commit charge ("private bytes"): 373M, peak: 375M

vm_info: Java HotSpot(TM) 64-Bit Server VM (11.0.1+13-LTS) for windows-amd64 JRE (11.0.1+13-LTS), built on Oct  6 2018 13:20:16 by "mach5one" with MS VC++ 15.5 (VS2017)

END.
